/usr/bin/ld: libautonomous_slam_lib.a: error adding symbols: archive has no index; run ranlib to add one
collect2: error: ld returned 1 exit status
gmake[2]: *** [CMakeFiles/autonomous_slam_main.dir/build.make:282: autonomous_slam_main] Error 1
gmake[1]: *** [CMakeFiles/Makefile2:279: CMakeFiles/autonomous_slam_main.dir/all] Error 2
gmake: *** [Makefile:146: all] Error 2
