[ 28%] Built target slam_module
[ 35%] [32m[1mLinking CXX static library libautonomous_slam_lib.a[0m
[ 42%] Built target autonomous_slam_lib
[ 57%] Built target warehouse_robot_system_lib
[ 71%] Built target warehouse_robot_main
[ 85%] Built target slam_test
[ 92%] [32mBuilding CXX object CMakeFiles/autonomous_slam_main.dir/src/autonomous_slam_main.cpp.o[0m
[100%] [32m[1mLinking CXX executable autonomous_slam_main[0m
/usr/bin/ld: libautonomous_slam_lib.a: error adding symbols: archive has no index; run ranlib to add one
collect2: error: ld returned 1 exit status
gmake[2]: *** [CMakeFiles/autonomous_slam_main.dir/build.make:282: autonomous_slam_main] Error 1
gmake[1]: *** [CMakeFiles/Makefile2:279: CMakeFiles/autonomous_slam_main.dir/all] Error 2
gmake: *** [Makefile:146: all] Error 2
